2025-12-18 15:55:55 [info] Server is running in development mode at http://localhost:3000
2025-12-18 16:42:55 [info] Server is running in development mode at http://localhost:3000
2025-12-18 16:42:56 [info] Server is running in development mode at http://localhost:3000
2025-12-18 16:42:59 [info] Server is running in development mode at http://localhost:3000
2025-12-18 16:43:00 [info] Server is running in development mode at http://localhost:3000
2025-12-18 16:43:02 [info] Server is running in development mode at http://localhost:3000
2025-12-18 16:43:03 [info] Server is running in development mode at http://localhost:3000
2025-12-18 16:43:19 [info] Server is running in development mode at http://localhost:3000
2025-12-18 16:43:20 [info] Server is running in development mode at http://localhost:3000
2025-12-18 16:43:23 [info] Server is running in development mode at http://localhost:3000
2025-12-18 16:43:24 [info] Server is running in development mode at http://localhost:3000
2025-12-18 16:43:26 [info] Server is running in development mode at http://localhost:3000
2025-12-18 16:43:27 [info] Server is running in development mode at http://localhost:3000
2025-12-18 16:43:30 [info] Server is running in development mode at http://localhost:3000
2025-12-18 16:43:34 [info] Server is running in development mode at http://localhost:3000
2025-12-18 16:43:34 [info] Server is running in development mode at http://localhost:3000
2025-12-18 16:43:36 [info] Server is running in development mode at http://localhost:3000
2025-12-18 16:43:38 [info] Server is running in development mode at http://localhost:3000
2025-12-18 16:43:41 [info] Server is running in development mode at http://localhost:3000
2025-12-18 16:43:45 [info] Server is running in development mode at http://localhost:3000
2025-12-18 16:43:47 [info] Server is running in development mode at http://localhost:3000
2025-12-18 16:43:49 [info] Server is running in development mode at http://localhost:3000
2025-12-18 16:43:51 [info] Server is running in development mode at http://localhost:3000
2025-12-18 16:43:54 [info] Server is running in development mode at http://localhost:3000
2025-12-18 16:45:12 [info] Server is running in development mode at http://localhost:3000
2025-12-18 16:45:13 [info] Server is running in development mode at http://localhost:3000
2025-12-18 16:45:15 [info] Server is running in development mode at http://localhost:3000
2025-12-18 16:45:17 [info] Server is running in development mode at http://localhost:3000
2025-12-18 16:45:17 [info] Server is running in development mode at http://localhost:3000
2025-12-18 16:45:34 [info] Server is running in development mode at http://localhost:3000
2025-12-18 16:46:25 [info] Server is running in development mode at http://localhost:3000
2025-12-18 16:46:28 [info] Server is running in development mode at http://localhost:3000
2025-12-18 16:46:35 [info] Server is running in development mode at http://localhost:3000
2025-12-18 16:47:24 [info] Server is running in development mode at http://localhost:3000
2025-12-18 16:47:28 [info] Server is running in development mode at http://localhost:3000
2025-12-18 16:47:30 [info] Server is running in development mode at http://localhost:3000
2025-12-18 16:47:32 [info] Server is running in development mode at http://localhost:3000
2025-12-18 16:47:33 [info] Server is running in development mode at http://localhost:3000
2025-12-18 16:47:36 [info] Server is running in development mode at http://localhost:3000
2025-12-18 16:47:41 [info] Server is running in development mode at http://localhost:3000
2025-12-18 16:47:43 [info] Server is running in development mode at http://localhost:3000
2025-12-18 16:47:46 [info] Server is running in development mode at http://localhost:3000
2025-12-18 16:47:49 [info] Server is running in development mode at http://localhost:3000
2025-12-18 16:50:03 [info] Server is running in development mode at http://localhost:3000
2025-12-18 16:50:05 [info] Server is running in development mode at http://localhost:3000
2025-12-18 16:50:08 [info] Server is running in development mode at http://localhost:3000
2025-12-18 16:50:13 [info] Server is running in development mode at http://localhost:3000
2025-12-18 16:50:14 [info] Server is running in development mode at http://localhost:3000
2025-12-18 16:50:16 [info] Server is running in development mode at http://localhost:3000
2025-12-18 16:55:02 [info] Server is running in development mode at http://localhost:3000
2025-12-18 16:55:10 [info] Server is running in development mode at http://localhost:3000
2025-12-18 16:55:23 [info] Server is running in development mode at http://localhost:3000
2025-12-18 16:55:26 [info] Server is running in development mode at http://localhost:3000
2025-12-18 16:55:27 [info] Server is running in development mode at http://localhost:3000
2025-12-18 16:55:47 [info] Server is running in development mode at http://localhost:3000
2025-12-18 16:55:50 [info] Server is running in development mode at http://localhost:3000
2025-12-18 16:55:52 [info] Server is running in development mode at http://localhost:3000
2025-12-18 16:55:53 [info] Server is running in development mode at http://localhost:3000
2025-12-18 16:55:57 [info] Server is running in development mode at http://localhost:3000
2025-12-18 16:55:58 [info] Server is running in development mode at http://localhost:3000
2025-12-18 16:55:59 [info] Server is running in development mode at http://localhost:3000
2025-12-18 16:56:03 [info] Server is running in development mode at http://localhost:3000
2025-12-18 16:56:43 [info] Server is running in development mode at http://localhost:3000
2025-12-18 16:56:44 [info] Server is running in development mode at http://localhost:3000
2025-12-18 16:56:47 [info] Server is running in development mode at http://localhost:3000
2025-12-18 16:56:57 [info] Server is running in development mode at http://localhost:3000
2025-12-18 16:56:58 [info] Server is running in development mode at http://localhost:3000
2025-12-18 16:57:01 [info] Server is running in development mode at http://localhost:3000
2025-12-18 16:57:02 [info] Server is running in development mode at http://localhost:3000
2025-12-18 16:57:16 [info] Server is running in development mode at http://localhost:3000
2025-12-18 16:57:21 [info] Server is running in development mode at http://localhost:3000
2025-12-18 16:57:23 [info] Server is running in development mode at http://localhost:3000
2025-12-18 16:57:31 [info] Server is running in development mode at http://localhost:3000
2025-12-18 16:57:33 [info] Server is running in development mode at http://localhost:3000
2025-12-18 16:57:37 [info] Server is running in development mode at http://localhost:3000
2025-12-18 16:57:45 [info] Server is running in development mode at http://localhost:3000
2025-12-18 16:57:51 [info] Server is running in development mode at http://localhost:3000
2025-12-18 16:57:54 [info] Server is running in development mode at http://localhost:3000
2025-12-18 16:57:55 [info] Server is running in development mode at http://localhost:3000
2025-12-18 16:57:57 [info] Server is running in development mode at http://localhost:3000
2025-12-18 16:57:59 [info] Server is running in development mode at http://localhost:3000
2025-12-18 16:58:08 [info] Server is running in development mode at http://localhost:3000
2025-12-18 16:58:09 [info] Server is running in development mode at http://localhost:3000
2025-12-18 16:58:16 [info] Server is running in development mode at http://localhost:3000
2025-12-18 16:58:21 [info] Server is running in development mode at http://localhost:3000
2025-12-18 16:58:38 [info] Server is running in development mode at http://localhost:3000
2025-12-18 16:58:42 [info] Server is running in development mode at http://localhost:3000
2025-12-18 16:58:43 [info] Server is running in development mode at http://localhost:3000
2025-12-18 16:58:44 [info] Server is running in development mode at http://localhost:3000
2025-12-18 16:58:45 [info] Server is running in development mode at http://localhost:3000
2025-12-18 16:58:46 [info] Server is running in development mode at http://localhost:3000
2025-12-18 16:58:47 [info] Server is running in development mode at http://localhost:3000
2025-12-18 16:58:56 [info] Server is running in development mode at http://localhost:3000
2025-12-18 16:58:57 [info] Server is running in development mode at http://localhost:3000
2025-12-18 16:58:59 [info] Server is running in development mode at http://localhost:3000
2025-12-18 16:59:00 [info] Server is running in development mode at http://localhost:3000
2025-12-18 16:59:01 [info] Server is running in development mode at http://localhost:3000
2025-12-18 16:59:02 [info] Server is running in development mode at http://localhost:3000
2025-12-18 16:59:03 [info] Server is running in development mode at http://localhost:3000
2025-12-18 16:59:04 [info] Server is running in development mode at http://localhost:3000
2025-12-18 16:59:05 [info] Server is running in development mode at http://localhost:3000
2025-12-18 17:00:01 [info] Server is running in development mode at http://localhost:3000
2025-12-18 17:00:05 [info] Server is running in development mode at http://localhost:3000
2025-12-18 17:00:14 [info] Server is running in development mode at http://localhost:3000
2025-12-18 17:00:20 [info] Server is running in development mode at http://localhost:3000
2025-12-18 17:00:22 [info] Server is running in development mode at http://localhost:3000
2025-12-18 17:00:25 [info] Server is running in development mode at http://localhost:3000
2025-12-18 17:00:29 [info] Server is running in development mode at http://localhost:3000
2025-12-18 17:00:30 [info] Server is running in development mode at http://localhost:3000
2025-12-18 17:00:31 [info] Server is running in development mode at http://localhost:3000
2025-12-18 17:00:35 [info] Server is running in development mode at http://localhost:3000
2025-12-18 17:12:58 [info] Server is running in development mode at http://localhost:3000
2025-12-18 17:13:00 [info] Server is running in development mode at http://localhost:3000
2025-12-18 17:13:01 [info] Server is running in development mode at http://localhost:3000
2025-12-18 17:13:05 [info] Server is running in development mode at http://localhost:3000
2025-12-18 17:13:08 [info] Server is running in development mode at http://localhost:3000
2025-12-18 17:14:09 [info] Server is running in development mode at http://localhost:3000
2025-12-18 17:14:13 [info] Server is running in development mode at http://localhost:3000
2025-12-18 17:14:14 [info] Server is running in development mode at http://localhost:3000
2025-12-18 17:14:17 [info] Server is running in development mode at http://localhost:3000
2025-12-18 17:14:22 [info] Server is running in development mode at http://localhost:3000
2025-12-18 17:14:25 [info] Server is running in development mode at http://localhost:3000
2025-12-18 17:14:27 [info] Server is running in development mode at http://localhost:3000
2025-12-18 17:14:29 [info] Server is running in development mode at http://localhost:3000
2025-12-18 17:14:32 [info] Server is running in development mode at http://localhost:3000
2025-12-18 17:14:33 [info] Server is running in development mode at http://localhost:3000
2025-12-18 17:14:40 [info] Server is running in development mode at http://localhost:3000
2025-12-18 17:14:43 [info] Server is running in development mode at http://localhost:3000
2025-12-18 17:14:48 [info] Server is running in development mode at http://localhost:3000
2025-12-18 17:14:49 [info] Server is running in development mode at http://localhost:3000
2025-12-18 17:14:53 [info] Server is running in development mode at http://localhost:3000
2025-12-18 17:15:59 [info] Server is running in development mode at http://localhost:3000
2025-12-18 17:21:01 [info] Server is running in development mode at http://localhost:3000
2025-12-18 17:21:31 [info] Server is running in development mode at http://localhost:3000
2025-12-18 17:21:33 [info] Server is running in development mode at http://localhost:3000
2025-12-18 17:21:35 [info] Server is running in development mode at http://localhost:3000
2025-12-18 17:21:50 [info] Server is running in development mode at http://localhost:3000
2025-12-18 17:22:11 [info] Server is running in development mode at http://localhost:3000
2025-12-18 17:22:13 [info] Server is running in development mode at http://localhost:3000
2025-12-18 17:22:14 [info] Server is running in development mode at http://localhost:3000
2025-12-18 17:22:15 [info] Server is running in development mode at http://localhost:3000
2025-12-18 17:22:17 [info] Server is running in development mode at http://localhost:3000
2025-12-18 17:22:18 [info] Server is running in development mode at http://localhost:3000
2025-12-18 17:22:20 [info] Server is running in development mode at http://localhost:3000
2025-12-18 17:22:20 [info] Server is running in development mode at http://localhost:3000
2025-12-18 17:22:29 [info] Server is running in development mode at http://localhost:3000
2025-12-18 17:22:31 [info] Server is running in development mode at http://localhost:3000
2025-12-18 17:22:33 [info] Server is running in development mode at http://localhost:3000
2025-12-18 17:22:44 [info] Server is running in development mode at http://localhost:3000
2025-12-18 17:22:46 [info] Server is running in development mode at http://localhost:3000
2025-12-18 17:22:48 [info] Server is running in development mode at http://localhost:3000
2025-12-18 17:22:49 [info] Server is running in development mode at http://localhost:3000
2025-12-18 17:22:50 [info] Server is running in development mode at http://localhost:3000
2025-12-18 17:22:57 [info] Server is running in development mode at http://localhost:3000
2025-12-18 17:23:01 [info] Server is running in development mode at http://localhost:3000
2025-12-18 17:23:09 [info] Server is running in development mode at http://localhost:3000
2025-12-18 17:23:13 [info] Server is running in development mode at http://localhost:3000
2025-12-18 17:23:21 [info] Server is running in , mode at http://localhost:,
2025-12-18 17:23:27 [info] Server is running in development mode at http://localhost:3000
2025-12-18 17:23:35 [info] Server is running in development mode at http://localhost:3000
2025-12-18 17:23:35 [info] Server is running in development mode at http://localhost:3000
2025-12-18 17:23:40 [info] Server is running in development mode at http://localhost:3000
2025-12-18 17:23:41 [info] Server is running in development mode at http://localhost:3000
2025-12-18 17:23:42 [info] Server is running in development mode at http://localhost:3000
2025-12-18 17:23:44 [info] Server is running in development mode at http://localhost:3000
2025-12-18 17:23:46 [info] Server is running in development mode at http://localhost:3000
2025-12-18 17:23:48 [info] Server is running in development mode at http://localhost:3000
2025-12-18 17:23:54 [info] Server is running in development mode at http://localhost:3000
2025-12-18 17:23:57 [info] Server is running in development mode at http://localhost:3000
2025-12-18 17:23:59 [info] Server is running in development mode at http://localhost:3000
2025-12-18 17:24:00 [info] Server is running in development mode at http://localhost:3000
2025-12-18 17:24:06 [info] Server is running in development mode at http://localhost:3000
2025-12-18 17:27:03 [info] Server is running in development mode at http://localhost:3000
2025-12-18 17:27:03 [info] Server is running in development mode at http://localhost:3000
2025-12-18 17:27:13 [info] Server is running in development mode at http://localhost:3000
2025-12-18 17:27:42 [info] Server is running in development mode at http://localhost:3000
2025-12-18 17:27:48 [info] Server is running in development mode at http://localhost:3000
2025-12-18 17:27:52 [[32minfo[39m] Server is running in development mode at http://localhost:3000
2025-12-18 17:27:54 [[32minfo[39m] Server is running in development mode at http://localhost:3000
2025-12-18 17:27:57 [[32minfo[39m] Server is running in development mode at http://localhost:3000
2025-12-18 17:28:12 [] Server is running in development mode at http://localhost:3000
2025-12-18 17:28:14 [[32mfunction toUpperCase() { [native code] }[39m] Server is running in development mode at http://localhost:3000
2025-12-18 17:28:14 [[32mINFO[39m] Server is running in development mode at http://localhost:3000
2025-12-18 17:28:29 [[32mINFO[39m] Server is running in development mode at http://localhost:3000
2025-12-18 17:28:45 [[31mERROR[39m] Server is running in development mode at http://localhost:3000
2025-12-18 17:28:50 [[32mINFO[39m] Server is running in development mode at http://localhost:3000
2025-12-18 17:28:53 [[33mWARN[39m] Server is running in development mode at http://localhost:3000
2025-12-18 17:28:58 [[32mINFO[39m] Server is running in development mode at http://localhost:3000
2025-12-18 17:30:13 [[32mINFO[39m] Server is running in development mode at http://localhost:3000
2025-12-18 17:30:20 [[32mINFO[39m] Server is running in development mode at http://localhost:3000
2025-12-18 17:30:26 [[32mINFO[39m] Server is running in development mode at http://localhost:3000
2025-12-18 17:30:53 [[32mINFO[39m] [32mServer is running in development mode at http://localhost:3000[39m
2025-12-18 17:31:00 [[32mINFO[39m] [34mServer is running in development mode at http://localhost:3000[39m
2025-12-18 17:31:08 [[32mINFO[39m] [31mServer is running in development mode at http://localhost:3000[39m
2025-12-18 17:31:15 [[32mINFO[39m] Server is running in development mode at http://localhost:3000
2025-12-18 17:31:21 [[32mINFO[39m] Server is running in development mode at http://localhost:3000
2025-12-18 17:31:23 [[32mINFO[39m] Server is running in development mode at http://localhost:3000
2025-12-18 17:32:04 [[32mINFO[39m] [36mServer is running in , mode at http://localhost:,[39m
2025-12-18 17:32:10 [[32mINFO[39m] [36mServer is running in development mode at http://localhost:3000[39m
2025-12-18 17:32:43 [[32mINFO[39m] [36m[47mServer is running in , mode at http://localhost:,[49m[39m
2025-12-18 17:32:47 [[32mINFO[39m] [36m[47mServer is running in development mode at http://localhost:3000[49m[39m
2025-12-18 17:32:57 [[32mINFO[39m] Server is running in development mode at http://localhost:3000
2025-12-18 17:33:01 [[32mINFO[39m] Server is running in development mode at http://localhost:3000
2025-12-18 17:39:24 [[32mINFO[39m] Server is running in development mode at http://localhost:3000
2025-12-18 17:44:06 [[32mINFO[39m] Server is running in development mode at http://localhost:3000
2025-12-18 17:44:20 [[32mINFO[39m] Server is running in development mode at http://localhost:3000
2025-12-18 17:44:22 [[32mINFO[39m] Server is running in development mode at http://localhost:3000
2025-12-18 17:44:43 [[32mINFO[39m] Server is running in development mode at http://localhost:3000
2025-12-18 17:44:46 [[32mINFO[39m] Server is running in development mode at http://localhost:3000
2025-12-18 17:44:50 [[32mINFO[39m] Server is running in development mode at http://localhost:3000
2025-12-18 17:44:57 [[32mINFO[39m] Server is running in development mode at http://localhost:3000
2025-12-18 17:45:04 [[32mINFO[39m] Server is running in development mode at http://localhost:3000
2025-12-18 17:45:06 [[32mINFO[39m] Server is running in development mode at http://localhost:3000
2025-12-18 17:45:19 [[32mINFO[39m] Server is running in development mode at http://localhost:3000
2025-12-18 17:45:22 [[32mINFO[39m] Server is running in development mode at http://localhost:3000
2025-12-18 17:45:41 [[32mINFO[39m] Server is running in development mode at http://localhost:3000
2025-12-18 17:45:44 [[32mINFO[39m] Server is running in development mode at http://localhost:3000
2025-12-18 17:45:45 [[32mINFO[39m] Server is running in development mode at http://localhost:3000
2025-12-18 17:45:46 [[32mINFO[39m] Server is running in development mode at http://localhost:3000
2025-12-18 17:45:47 [[32mINFO[39m] Server is running in development mode at http://localhost:3000
2025-12-18 17:45:49 [[32mINFO[39m] Server is running in development mode at http://localhost:3000
2025-12-18 17:45:51 [[32mINFO[39m] Server is running in development mode at http://localhost:3000
2025-12-18 17:45:53 [[32mINFO[39m] Server is running in development mode at http://localhost:3000
2025-12-18 17:45:56 [[32mINFO[39m] Server is running in development mode at http://localhost:3000
2025-12-18 17:45:57 [[32mINFO[39m] Server is running in development mode at http://localhost:3000
2025-12-18 17:46:04 [[32mINFO[39m] Server is running in development mode at http://localhost:3000
2025-12-18 17:46:06 [[32mINFO[39m] Server is running in development mode at http://localhost:3000
2025-12-18 17:46:06 [[32mINFO[39m] Server is running in development mode at http://localhost:3000
2025-12-18 17:46:08 [[32mINFO[39m] Server is running in development mode at http://localhost:3000
2025-12-18 17:46:08 [[32mINFO[39m] Server is running in development mode at http://localhost:3000
2025-12-18 17:46:17 [[32mINFO[39m] Server is running in development mode at http://localhost:3000
2025-12-18 17:46:18 [[32mINFO[39m] Server is running in development mode at http://localhost:3000
2025-12-18 17:46:22 [[32mINFO[39m] Server is running in development mode at http://localhost:3000
2025-12-18 17:46:23 [[32mINFO[39m] Server is running in development mode at http://localhost:3000
2025-12-18 17:46:32 [[32mINFO[39m] Server is running in development mode at http://localhost:3000
2025-12-18 17:46:35 [[32mINFO[39m] Server is running in development mode at http://localhost:3000
2025-12-18 17:46:35 [[32mINFO[39m] Server is running in development mode at http://localhost:3000
2025-12-18 17:46:37 [[32mINFO[39m] Server is running in development mode at http://localhost:3000
2025-12-18 17:46:38 [[32mINFO[39m] Server is running in development mode at http://localhost:3000
2025-12-18 17:46:40 [[32mINFO[39m] Server is running in development mode at http://localhost:3000
2025-12-18 17:48:03 [[32mINFO[39m] Server is running in development mode at http://localhost:3000
2025-12-18 17:48:04 [[32mINFO[39m] Server is running in development mode at http://localhost:3000
2025-12-18 17:48:06 [[32mINFO[39m] Server is running in development mode at http://localhost:3000
2025-12-18 17:48:07 [[32mINFO[39m] Server is running in development mode at http://localhost:3000
2025-12-18 17:48:12 [[32mINFO[39m] Server is running in development mode at http://localhost:3000
2025-12-18 17:48:14 [[32mINFO[39m] Server is running in development mode at http://localhost:3000
2025-12-18 17:48:14 [[32mINFO[39m] Server is running in development mode at http://localhost:3000
2025-12-18 17:48:15 [[32mINFO[39m] Server is running in development mode at http://localhost:3000
2025-12-18 17:48:57 [[32mINFO[39m] Server is running in development mode at http://localhost:3000
2025-12-18 17:49:31 [[32mINFO[39m] Server is running in development mode at http://localhost:3000
2025-12-18 17:50:29 [[32mINFO[39m] Server is running in development mode at http://localhost:3000
2025-12-18 17:50:34 [[32mINFO[39m] Server is running in development mode at http://localhost:3000
2025-12-18 17:50:49 [[32mINFO[39m] Server is running in development mode at http://localhost:3000
2025-12-18 17:51:29 [[32mINFO[39m] Server is running in development mode at http://localhost:3000
2025-12-18 17:51:32 [[32mINFO[39m] Server is running in development mode at http://localhost:3000
2025-12-18 17:51:41 [[32mINFO[39m] Server is running in development mode at http://localhost:3000
2025-12-18 17:51:42 [[32mINFO[39m] Server is running in development mode at http://localhost:3000
2025-12-18 17:51:52 [[32mINFO[39m] Server is running in development mode at http://localhost:3000
2025-12-18 17:52:39 [[32mINFO[39m] Server is running in development mode at http://localhost:3000
2025-12-18 17:53:12 [[32mINFO[39m] Server is running in development mode at http://localhost:3000
2025-12-18 17:53:15 [[32mINFO[39m] Server is running in development mode at http://localhost:3000
2025-12-18 17:53:16 [[32mINFO[39m] Server is running in development mode at http://localhost:3000
